C:\Documents and Settings\Diego de la Cruz\My Documents\eagle\SuperFuzz\SuperFuzz.dxf,Model,26/11/2011 00:09:22,Diego de la Cruz,Bullzip PDF Printer,A4,1:1,
C:\Documents and Settings\Diego de la Cruz\My Documents\eagle\SuperFuzz\SuperFuzz.dxf,Model,26/11/2011 00:10:02,Diego de la Cruz,Bullzip PDF Printer,A4,1:1,
C:\Documents and Settings\Diego de la Cruz\My Documents\eagle\SuperFuzz\SuperFuzz.dxf,Model,26/11/2011 00:15:58,Diego de la Cruz,Bullzip PDF Printer,A4,1:1,
C:\Documents and Settings\Diego de la Cruz\My Documents\eagle\SuperFuzz\SuperFuzz.dwg,Layout1,26/11/2011 00:20:50,Diego de la Cruz,Bullzip PDF Printer,A4,1:1,
C:\Documents and Settings\Diego de la Cruz\My Documents\eagle\SuperFuzz\SuperFuzz.dwg,Layout1,26/11/2011 00:24:13,Diego de la Cruz,Bullzip PDF Printer,A4,1:1,
C:\Documents and Settings\Diego de la Cruz\My Documents\eagle\SuperFuzz\SuperFuzz.dwg,Model,26/11/2011 00:36:29,Diego de la Cruz,Bullzip PDF Printer,A4,1:1,
C:\Documents and Settings\Diego de la Cruz\My Documents\eagle\SuperFuzz\SuperFuzz.dwg,Model,26/11/2011 00:37:16,Diego de la Cruz,Bullzip PDF Printer,A4,1:1,
C:\Documents and Settings\Diego de la Cruz\My Documents\eagle\SuperFuzz\SuperFuzz.dwg,Model,26/11/2011 00:39:13,Diego de la Cruz,Bullzip PDF Printer,A4,1:1,
C:\Documents and Settings\Diego de la Cruz\My Documents\eagle\SuperFuzz\SuperFuzz.dxf,Model,26/11/2011 00:45:05,Diego de la Cruz,Bullzip PDF Printer,A4,1:1,
C:\Documents and Settings\Diego de la Cruz\My Documents\eagle\SuperFuzz\SuperFuzz.dxf,Model,26/11/2011 00:45:53,Diego de la Cruz,Bullzip PDF Printer,A4,1:1,
C:\Documents and Settings\Diego de la Cruz\My Documents\eagle\SuperFuzz\SuperFuzz.dxf,Model,26/11/2011 00:46:31,Diego de la Cruz,Bullzip PDF Printer,A4,1:1,
C:\Documents and Settings\Diego de la Cruz\My Documents\eagle\SuperFuzz\SuperFuzz.dxf,Model,26/11/2011 00:46:59,Diego de la Cruz,Bullzip PDF Printer,A4,1:1,
C:\Documents and Settings\Diego de la Cruz\My Documents\eagle\SuperFuzz\SuperFuzz.dxf,Model,26/11/2011 00:47:56,Diego de la Cruz,Bullzip PDF Printer,A4,1:1,
C:\Documents and Settings\Diego de la Cruz\My Documents\eagle\SuperFuzz\SuperFuzz.dxf,Model,26/11/2011 00:48:20,Diego de la Cruz,Bullzip PDF Printer,A4,1:1,
C:\Documents and Settings\Diego de la Cruz\My Documents\eagle\SuperFuzz\SuperFuzz.dxf,Model,26/11/2011 00:49:21,Diego de la Cruz,Bullzip PDF Printer,A4,1:1,
C:\Documents and Settings\Diego de la Cruz\My Documents\eagle\SuperFuzz\SuperFuzz.dxf,Layout1,26/11/2011 00:50:08,Diego de la Cruz,CutePDF Printer,A4,1:1,
C:\Documents and Settings\Diego de la Cruz\My Documents\eagle\SuperFuzz\SuperFuzz.dxf,Layout1,26/11/2011 00:53:10,Diego de la Cruz,Bullzip PDF Printer,A4,1:1,
C:\Documents and Settings\Diego de la Cruz\My Documents\eagle\SuperFuzz\SuperFuzz.dxf,Layout1,26/11/2011 00:54:28,Diego de la Cruz,Bullzip PDF Printer,A4,1:0.1,
C:\Documents and Settings\Diego de la Cruz\My Documents\eagle\SuperFuzz\SuperFuzz.dwg,Model,26/11/2011 00:57:41,Diego de la Cruz,DWF ePlot (optimized for plotting).pc3,ISO_A4_(210.00_x_297.00_MM),1:1,
C:\Documents and Settings\Diego de la Cruz\My Documents\eagle\SuperFuzz\SuperFuzz.dwg,Model,26/11/2011 00:58:46,Diego de la Cruz,PublishToWeb PNG.pc3,Sun_Hi-Res_(1600.00_x_1280.00_Pixels),1:1,
C:\Documents and Settings\Diego de la Cruz\My Documents\eagle\SuperFuzz\SuperFuzz.dwg,Model,26/11/2011 01:01:54,Diego de la Cruz,Bullzip PDF Printer,A4,1:1,
C:\Documents and Settings\Diego de la Cruz\My Documents\eagle\SuperFuzz\SuperFuzz.dxf,Model,26/11/2011 01:07:02,Diego de la Cruz,Bullzip PDF Printer (temporary).pc3,A4,1:1,
C:\Documents and Settings\Diego de la Cruz\My Documents\eagle\SuperFuzz\SuperFuzz.dxf,Model,26/11/2011 01:09:40,Diego de la Cruz,Bullzip PDF Printer,A4,1:1,
